<?xml version="1.0" encoding="UTF-8"?>
<!-- Generated by org.testng.reporters.JUnitXMLReporter -->
<testsuite hostname="LAPTOP-2GTNI7TB" ignored="0" name="Free CRM application test cases" tests="5" failures="0" timestamp="23 Aug 2020 15:20:27 GMT" time="97.074" errors="0">
  <testcase name="validateTitleTest" time="0.086" classname="com.crm.qa.testcases.LoginPageTest"/>
  <testcase name="validateHomePageTitleTest" time="0.016" classname="com.crm.qa.testcases.HomePageTest"/>
  <testcase name="loginTest" time="5.364" classname="com.crm.qa.testcases.LoginPageTest"/>
  <testcase name="validateCorrectUsernameTest" time="0.056" classname="com.crm.qa.testcases.HomePageTest"/>
  <testcase name="clickOnContactsButton" time="0.182" classname="com.crm.qa.testcases.HomePageTest"/>
</testsuite> <!-- Free CRM application test cases -->
